<?xml version="1.0" encoding="UTF-8"?>
<!-- Generated by org.testng.reporters.JUnitReportReporter -->
<testsuite skipped="0" hostname="LAPTOP-RMHL5JSC" name="com.testngbasics.NewTest" tests="3" failures="0" timestamp="2020-06-01T16:13:36 EDT" time="0.016" errors="0">
  <testcase name="f" time="0.004" classname="com.testngbasics.NewTest"/>
  <system-out/>
  <testcase name="f" time="0.004" classname="com.testngbasics.NewTest"/>
  <system-out/>
  <testcase name="f" time="0.008" classname="com.testngbasics.NewTest"/>
  <system-out/>
</testsuite> <!-- com.testngbasics.NewTest -->
