<?xml version="1.0" encoding="UTF-8"?>
<!-- Generated by org.testng.reporters.JUnitReportReporter -->
<testsuite skipped="0" hostname="LAPTOP-RMHL5JSC" name="LearnTestNG" tests="4" failures="0" timestamp="2020-06-01T12:28:12 EDT" time="68.445" errors="0">
  <testcase name="masks" time="17.762" classname="LearnTestNG"/>
  <system-out/>
  <testcase name="masks" time="15.989" classname="LearnTestNG"/>
  <system-out/>
  <testcase name="bestSellers" time="14.292" classname="LearnTestNG"/>
  <system-out/>
  <testcase name="baby" time="20.402" classname="LearnTestNG"/>
  <system-out/>
</testsuite> <!-- LearnTestNG -->
