<?xml version="1.0" encoding="UTF-8"?>
<!-- Generated by org.testng.reporters.JUnitReportReporter -->
<testsuite skipped="0" hostname="LAPTOP-RMHL5JSC" name="com.testngbasics.RunNumbersTest" tests="3" failures="0" timestamp="2020-06-01T16:13:36 EDT" time="0.011" errors="0">
  <testcase name="f" time="0.004" classname="com.testngbasics.RunNumbersTest"/>
  <system-out/>
  <testcase name="f" time="0.005" classname="com.testngbasics.RunNumbersTest"/>
  <system-out/>
  <testcase name="f" time="0.002" classname="com.testngbasics.RunNumbersTest"/>
  <system-out/>
</testsuite> <!-- com.testngbasics.RunNumbersTest -->
